<?xml version="1.0" encoding="UTF-8" standalone="no"?>
<testsuite errors="0" failures="0" name="io.cucumber.core.plugin.JUnitFormatter" skipped="0" tests="1" time="42.898">
    <testcase classname="Test the login funcationality of OrangeHRM" name="Test the valid login" time="42.398">
        <system-out><![CDATA[Given user is on login page.................................................passed
When user enters username and password......................................passed
And click on login buttom...................................................passed
Then user should land on home page..........................................passed
]]></system-out>
    </testcase>
</testsuite>
